<?xml version="1.0" encoding="UTF-8"?>
<testsuite xmlns:xsi="http://www.w3.org/2001/XMLSchema-instance" xsi:noNamespaceSchemaLocation="https://maven.apache.org/surefire/maven-surefire-plugin/xsd/surefire-test-report.xsd" version="3.0.2" name="com.akhil.bookstore.catalog.CatalogServiceApplicationTests" time="4.818" tests="1" errors="0" skipped="0" failures="0">
  <properties>
    <property name="java.specification.version" value="21"/>
    <property name="sun.jnu.encoding" value="UTF-8"/>
    <property name="java.class.path" value="/Users/cvmakhilchundru/Workspaces/IntelliJ/Springboot/spring-boot-microservice/catalog-service/target/test-classes:/Users/cvmakhilchundru/Workspaces/IntelliJ/Springboot/spring-boot-microservice/catalog-service/target/classes:/Users/cvmakhilchundru/.m2/repository/org/springframework/boot/spring-boot-starter-actuator/3.4.5/spring-boot-starter-actuator-3.4.5.jar:/Users/cvmakhilchundru/.m2/repository/org/springframework/boot/spring-boot-starter/3.4.5/spring-boot-starter-3.4.5.jar:/Users/cvmakhilchundru/.m2/repository/org/springframework/boot/spring-boot-starter-logging/3.4.5/spring-boot-starter-logging-3.4.5.jar:/Users/cvmakhilchundru/.m2/repository/ch/qos/logback/logback-classic/1.5.18/logback-classic-1.5.18.jar:/Users/cvmakhilchundru/.m2/repository/ch/qos/logback/logback-core/1.5.18/logback-core-1.5.18.jar:/Users/cvmakhilchundru/.m2/repository/org/apache/logging/log4j/log4j-to-slf4j/2.24.3/log4j-to-slf4j-2.24.3.jar:/Users/cvmakhilchundru/.m2/repository/org/apache/logging/log4j/log4j-api/2.24.3/log4j-api-2.24.3.jar:/Users/cvmakhilchundru/.m2/repository/org/slf4j/jul-to-slf4j/2.0.17/jul-to-slf4j-2.0.17.jar:/Users/cvmakhilchundru/.m2/repository/jakarta/annotation/jakarta.annotation-api/2.1.1/jakarta.annotation-api-2.1.1.jar:/Users/cvmakhilchundru/.m2/repository/org/yaml/snakeyaml/2.3/snakeyaml-2.3.jar:/Users/cvmakhilchundru/.m2/repository/org/springframework/boot/spring-boot-actuator-autoconfigure/3.4.5/spring-boot-actuator-autoconfigure-3.4.5.jar:/Users/cvmakhilchundru/.m2/repository/org/springframework/boot/spring-boot-actuator/3.4.5/spring-boot-actuator-3.4.5.jar:/Users/cvmakhilchundru/.m2/repository/com/fasterxml/jackson/core/jackson-databind/2.18.3/jackson-databind-2.18.3.jar:/Users/cvmakhilchundru/.m2/repository/io/micrometer/micrometer-observation/1.14.6/micrometer-observation-1.14.6.jar:/Users/cvmakhilchundru/.m2/repository/io/micrometer/micrometer-commons/1.14.6/micrometer-commons-1.14.6.jar:/Users/cvmakhilchundru/.m2/repository/io/micrometer/micrometer-jakarta9/1.14.6/micrometer-jakarta9-1.14.6.jar:/Users/cvmakhilchundru/.m2/repository/org/springframework/boot/spring-boot-starter-data-jpa/3.4.5/spring-boot-starter-data-jpa-3.4.5.jar:/Users/cvmakhilchundru/.m2/repository/org/springframework/boot/spring-boot-starter-jdbc/3.4.5/spring-boot-starter-jdbc-3.4.5.jar:/Users/cvmakhilchundru/.m2/repository/com/zaxxer/HikariCP/5.1.0/HikariCP-5.1.0.jar:/Users/cvmakhilchundru/.m2/repository/org/springframework/spring-jdbc/6.2.6/spring-jdbc-6.2.6.jar:/Users/cvmakhilchundru/.m2/repository/org/hibernate/orm/hibernate-core/6.6.13.Final/hibernate-core-6.6.13.Final.jar:/Users/cvmakhilchundru/.m2/repository/jakarta/persistence/jakarta.persistence-api/3.1.0/jakarta.persistence-api-3.1.0.jar:/Users/cvmakhilchundru/.m2/repository/jakarta/transaction/jakarta.transaction-api/2.0.1/jakarta.transaction-api-2.0.1.jar:/Users/cvmakhilchundru/.m2/repository/org/jboss/logging/jboss-logging/3.6.1.Final/jboss-logging-3.6.1.Final.jar:/Users/cvmakhilchundru/.m2/repository/org/hibernate/common/hibernate-commons-annotations/7.0.3.Final/hibernate-commons-annotations-7.0.3.Final.jar:/Users/cvmakhilchundru/.m2/repository/io/smallrye/jandex/3.2.0/jandex-3.2.0.jar:/Users/cvmakhilchundru/.m2/repository/com/fasterxml/classmate/1.7.0/classmate-1.7.0.jar:/Users/cvmakhilchundru/.m2/repository/net/bytebuddy/byte-buddy/1.15.11/byte-buddy-1.15.11.jar:/Users/cvmakhilchundru/.m2/repository/org/glassfish/jaxb/jaxb-runtime/4.0.5/jaxb-runtime-4.0.5.jar:/Users/cvmakhilchundru/.m2/repository/org/glassfish/jaxb/jaxb-core/4.0.5/jaxb-core-4.0.5.jar:/Users/cvmakhilchundru/.m2/repository/org/eclipse/angus/angus-activation/2.0.2/angus-activation-2.0.2.jar:/Users/cvmakhilchundru/.m2/repository/org/glassfish/jaxb/txw2/4.0.5/txw2-4.0.5.jar:/Users/cvmakhilchundru/.m2/repository/com/sun/istack/istack-commons-runtime/4.1.2/istack-commons-runtime-4.1.2.jar:/Users/cvmakhilchundru/.m2/repository/jakarta/inject/jakarta.inject-api/2.0.1/jakarta.inject-api-2.0.1.jar:/Users/cvmakhilchundru/.m2/repository/org/antlr/antlr4-runtime/4.13.0/antlr4-runtime-4.13.0.jar:/Users/cvmakhilchundru/.m2/repository/org/springframework/data/spring-data-jpa/3.4.5/spring-data-jpa-3.4.5.jar:/Users/cvmakhilchundru/.m2/repository/org/springframework/data/spring-data-commons/3.4.5/spring-data-commons-3.4.5.jar:/Users/cvmakhilchundru/.m2/repository/org/springframework/spring-orm/6.2.6/spring-orm-6.2.6.jar:/Users/cvmakhilchundru/.m2/repository/org/springframework/spring-context/6.2.6/spring-context-6.2.6.jar:/Users/cvmakhilchundru/.m2/repository/org/springframework/spring-aop/6.2.6/spring-aop-6.2.6.jar:/Users/cvmakhilchundru/.m2/repository/org/springframework/spring-tx/6.2.6/spring-tx-6.2.6.jar:/Users/cvmakhilchundru/.m2/repository/org/springframework/spring-beans/6.2.6/spring-beans-6.2.6.jar:/Users/cvmakhilchundru/.m2/repository/org/slf4j/slf4j-api/2.0.17/slf4j-api-2.0.17.jar:/Users/cvmakhilchundru/.m2/repository/org/springframework/spring-aspects/6.2.6/spring-aspects-6.2.6.jar:/Users/cvmakhilchundru/.m2/repository/org/aspectj/aspectjweaver/1.9.24/aspectjweaver-1.9.24.jar:/Users/cvmakhilchundru/.m2/repository/org/springframework/boot/spring-boot-starter-validation/3.4.5/spring-boot-starter-validation-3.4.5.jar:/Users/cvmakhilchundru/.m2/repository/org/apache/tomcat/embed/tomcat-embed-el/10.1.40/tomcat-embed-el-10.1.40.jar:/Users/cvmakhilchundru/.m2/repository/org/hibernate/validator/hibernate-validator/8.0.2.Final/hibernate-validator-8.0.2.Final.jar:/Users/cvmakhilchundru/.m2/repository/jakarta/validation/jakarta.validation-api/3.0.2/jakarta.validation-api-3.0.2.jar:/Users/cvmakhilchundru/.m2/repository/org/springframework/boot/spring-boot-starter-web/3.4.5/spring-boot-starter-web-3.4.5.jar:/Users/cvmakhilchundru/.m2/repository/org/springframework/boot/spring-boot-starter-json/3.4.5/spring-boot-starter-json-3.4.5.jar:/Users/cvmakhilchundru/.m2/repository/com/fasterxml/jackson/datatype/jackson-datatype-jdk8/2.18.3/jackson-datatype-jdk8-2.18.3.jar:/Users/cvmakhilchundru/.m2/repository/com/fasterxml/jackson/module/jackson-module-parameter-names/2.18.3/jackson-module-parameter-names-2.18.3.jar:/Users/cvmakhilchundru/.m2/repository/org/springframework/boot/spring-boot-starter-tomcat/3.4.5/spring-boot-starter-tomcat-3.4.5.jar:/Users/cvmakhilchundru/.m2/repository/org/apache/tomcat/embed/tomcat-embed-core/10.1.40/tomcat-embed-core-10.1.40.jar:/Users/cvmakhilchundru/.m2/repository/org/apache/tomcat/embed/tomcat-embed-websocket/10.1.40/tomcat-embed-websocket-10.1.40.jar:/Users/cvmakhilchundru/.m2/repository/org/springframework/spring-web/6.2.6/spring-web-6.2.6.jar:/Users/cvmakhilchundru/.m2/repository/org/springframework/spring-webmvc/6.2.6/spring-webmvc-6.2.6.jar:/Users/cvmakhilchundru/.m2/repository/org/springframework/spring-expression/6.2.6/spring-expression-6.2.6.jar:/Users/cvmakhilchundru/.m2/repository/org/flywaydb/flyway-core/10.20.1/flyway-core-10.20.1.jar:/Users/cvmakhilchundru/.m2/repository/com/fasterxml/jackson/dataformat/jackson-dataformat-toml/2.18.3/jackson-dataformat-toml-2.18.3.jar:/Users/cvmakhilchundru/.m2/repository/com/fasterxml/jackson/core/jackson-core/2.18.3/jackson-core-2.18.3.jar:/Users/cvmakhilchundru/.m2/repository/com/fasterxml/jackson/datatype/jackson-datatype-jsr310/2.18.3/jackson-datatype-jsr310-2.18.3.jar:/Users/cvmakhilchundru/.m2/repository/com/fasterxml/jackson/core/jackson-annotations/2.18.3/jackson-annotations-2.18.3.jar:/Users/cvmakhilchundru/.m2/repository/org/flywaydb/flyway-database-postgresql/10.20.1/flyway-database-postgresql-10.20.1.jar:/Users/cvmakhilchundru/.m2/repository/org/springdoc/springdoc-openapi-starter-webmvc-ui/2.8.8/springdoc-openapi-starter-webmvc-ui-2.8.8.jar:/Users/cvmakhilchundru/.m2/repository/org/springdoc/springdoc-openapi-starter-webmvc-api/2.8.8/springdoc-openapi-starter-webmvc-api-2.8.8.jar:/Users/cvmakhilchundru/.m2/repository/org/springdoc/springdoc-openapi-starter-common/2.8.8/springdoc-openapi-starter-common-2.8.8.jar:/Users/cvmakhilchundru/.m2/repository/io/swagger/core/v3/swagger-core-jakarta/2.2.30/swagger-core-jakarta-2.2.30.jar:/Users/cvmakhilchundru/.m2/repository/io/swagger/core/v3/swagger-annotations-jakarta/2.2.30/swagger-annotations-jakarta-2.2.30.jar:/Users/cvmakhilchundru/.m2/repository/io/swagger/core/v3/swagger-models-jakarta/2.2.30/swagger-models-jakarta-2.2.30.jar:/Users/cvmakhilchundru/.m2/repository/com/fasterxml/jackson/dataformat/jackson-dataformat-yaml/2.18.3/jackson-dataformat-yaml-2.18.3.jar:/Users/cvmakhilchundru/.m2/repository/org/webjars/swagger-ui/5.21.0/swagger-ui-5.21.0.jar:/Users/cvmakhilchundru/.m2/repository/org/webjars/webjars-locator-lite/1.0.1/webjars-locator-lite-1.0.1.jar:/Users/cvmakhilchundru/.m2/repository/org/jspecify/jspecify/1.0.0/jspecify-1.0.0.jar:/Users/cvmakhilchundru/.m2/repository/org/springframework/boot/spring-boot-devtools/3.4.5/spring-boot-devtools-3.4.5.jar:/Users/cvmakhilchundru/.m2/repository/org/springframework/boot/spring-boot/3.4.5/spring-boot-3.4.5.jar:/Users/cvmakhilchundru/.m2/repository/org/springframework/boot/spring-boot-autoconfigure/3.4.5/spring-boot-autoconfigure-3.4.5.jar:/Users/cvmakhilchundru/.m2/repository/io/micrometer/micrometer-registry-prometheus/1.14.6/micrometer-registry-prometheus-1.14.6.jar:/Users/cvmakhilchundru/.m2/repository/io/micrometer/micrometer-core/1.14.6/micrometer-core-1.14.6.jar:/Users/cvmakhilchundru/.m2/repository/org/hdrhistogram/HdrHistogram/2.2.2/HdrHistogram-2.2.2.jar:/Users/cvmakhilchundru/.m2/repository/org/latencyutils/LatencyUtils/2.0.3/LatencyUtils-2.0.3.jar:/Users/cvmakhilchundru/.m2/repository/io/prometheus/prometheus-metrics-core/1.3.6/prometheus-metrics-core-1.3.6.jar:/Users/cvmakhilchundru/.m2/repository/io/prometheus/prometheus-metrics-model/1.3.6/prometheus-metrics-model-1.3.6.jar:/Users/cvmakhilchundru/.m2/repository/io/prometheus/prometheus-metrics-config/1.3.6/prometheus-metrics-config-1.3.6.jar:/Users/cvmakhilchundru/.m2/repository/io/prometheus/prometheus-metrics-tracer-common/1.3.6/prometheus-metrics-tracer-common-1.3.6.jar:/Users/cvmakhilchundru/.m2/repository/io/prometheus/prometheus-metrics-exposition-formats/1.3.6/prometheus-metrics-exposition-formats-1.3.6.jar:/Users/cvmakhilchundru/.m2/repository/io/prometheus/prometheus-metrics-exposition-textformats/1.3.6/prometheus-metrics-exposition-textformats-1.3.6.jar:/Users/cvmakhilchundru/.m2/repository/org/postgresql/postgresql/42.7.5/postgresql-42.7.5.jar:/Users/cvmakhilchundru/.m2/repository/org/checkerframework/checker-qual/3.48.3/checker-qual-3.48.3.jar:/Users/cvmakhilchundru/.m2/repository/org/springframework/boot/spring-boot-configuration-processor/3.4.5/spring-boot-configuration-processor-3.4.5.jar:/Users/cvmakhilchundru/.m2/repository/org/springframework/boot/spring-boot-starter-test/3.4.5/spring-boot-starter-test-3.4.5.jar:/Users/cvmakhilchundru/.m2/repository/org/springframework/boot/spring-boot-test/3.4.5/spring-boot-test-3.4.5.jar:/Users/cvmakhilchundru/.m2/repository/org/springframework/boot/spring-boot-test-autoconfigure/3.4.5/spring-boot-test-autoconfigure-3.4.5.jar:/Users/cvmakhilchundru/.m2/repository/com/jayway/jsonpath/json-path/2.9.0/json-path-2.9.0.jar:/Users/cvmakhilchundru/.m2/repository/jakarta/xml/bind/jakarta.xml.bind-api/4.0.2/jakarta.xml.bind-api-4.0.2.jar:/Users/cvmakhilchundru/.m2/repository/jakarta/activation/jakarta.activation-api/2.1.3/jakarta.activation-api-2.1.3.jar:/Users/cvmakhilchundru/.m2/repository/net/minidev/json-smart/2.5.2/json-smart-2.5.2.jar:/Users/cvmakhilchundru/.m2/repository/net/minidev/accessors-smart/2.5.2/accessors-smart-2.5.2.jar:/Users/cvmakhilchundru/.m2/repository/org/ow2/asm/asm/9.7.1/asm-9.7.1.jar:/Users/cvmakhilchundru/.m2/repository/org/assertj/assertj-core/3.26.3/assertj-core-3.26.3.jar:/Users/cvmakhilchundru/.m2/repository/org/awaitility/awaitility/4.2.2/awaitility-4.2.2.jar:/Users/cvmakhilchundru/.m2/repository/org/hamcrest/hamcrest/2.2/hamcrest-2.2.jar:/Users/cvmakhilchundru/.m2/repository/org/junit/jupiter/junit-jupiter/5.11.4/junit-jupiter-5.11.4.jar:/Users/cvmakhilchundru/.m2/repository/org/junit/jupiter/junit-jupiter-api/5.11.4/junit-jupiter-api-5.11.4.jar:/Users/cvmakhilchundru/.m2/repository/org/opentest4j/opentest4j/1.3.0/opentest4j-1.3.0.jar:/Users/cvmakhilchundru/.m2/repository/org/junit/platform/junit-platform-commons/1.11.4/junit-platform-commons-1.11.4.jar:/Users/cvmakhilchundru/.m2/repository/org/apiguardian/apiguardian-api/1.1.2/apiguardian-api-1.1.2.jar:/Users/cvmakhilchundru/.m2/repository/org/junit/jupiter/junit-jupiter-params/5.11.4/junit-jupiter-params-5.11.4.jar:/Users/cvmakhilchundru/.m2/repository/org/junit/jupiter/junit-jupiter-engine/5.11.4/junit-jupiter-engine-5.11.4.jar:/Users/cvmakhilchundru/.m2/repository/org/junit/platform/junit-platform-engine/1.11.4/junit-platform-engine-1.11.4.jar:/Users/cvmakhilchundru/.m2/repository/org/mockito/mockito-core/5.14.2/mockito-core-5.14.2.jar:/Users/cvmakhilchundru/.m2/repository/net/bytebuddy/byte-buddy-agent/1.15.11/byte-buddy-agent-1.15.11.jar:/Users/cvmakhilchundru/.m2/repository/org/objenesis/objenesis/3.3/objenesis-3.3.jar:/Users/cvmakhilchundru/.m2/repository/org/mockito/mockito-junit-jupiter/5.14.2/mockito-junit-jupiter-5.14.2.jar:/Users/cvmakhilchundru/.m2/repository/org/skyscreamer/jsonassert/1.5.3/jsonassert-1.5.3.jar:/Users/cvmakhilchundru/.m2/repository/com/vaadin/external/google/android-json/0.0.20131108.vaadin1/android-json-0.0.20131108.vaadin1.jar:/Users/cvmakhilchundru/.m2/repository/org/springframework/spring-core/6.2.6/spring-core-6.2.6.jar:/Users/cvmakhilchundru/.m2/repository/org/springframework/spring-jcl/6.2.6/spring-jcl-6.2.6.jar:/Users/cvmakhilchundru/.m2/repository/org/springframework/spring-test/6.2.6/spring-test-6.2.6.jar:/Users/cvmakhilchundru/.m2/repository/org/xmlunit/xmlunit-core/2.10.0/xmlunit-core-2.10.0.jar:/Users/cvmakhilchundru/.m2/repository/org/springframework/boot/spring-boot-testcontainers/3.4.5/spring-boot-testcontainers-3.4.5.jar:/Users/cvmakhilchundru/.m2/repository/org/testcontainers/testcontainers/1.20.6/testcontainers-1.20.6.jar:/Users/cvmakhilchundru/.m2/repository/junit/junit/4.13.2/junit-4.13.2.jar:/Users/cvmakhilchundru/.m2/repository/org/hamcrest/hamcrest-core/2.2/hamcrest-core-2.2.jar:/Users/cvmakhilchundru/.m2/repository/org/apache/commons/commons-compress/1.24.0/commons-compress-1.24.0.jar:/Users/cvmakhilchundru/.m2/repository/org/rnorth/duct-tape/duct-tape/1.0.8/duct-tape-1.0.8.jar:/Users/cvmakhilchundru/.m2/repository/org/jetbrains/annotations/17.0.0/annotations-17.0.0.jar:/Users/cvmakhilchundru/.m2/repository/com/github/docker-java/docker-java-api/3.4.1/docker-java-api-3.4.1.jar:/Users/cvmakhilchundru/.m2/repository/com/github/docker-java/docker-java-transport-zerodep/3.4.1/docker-java-transport-zerodep-3.4.1.jar:/Users/cvmakhilchundru/.m2/repository/com/github/docker-java/docker-java-transport/3.4.1/docker-java-transport-3.4.1.jar:/Users/cvmakhilchundru/.m2/repository/net/java/dev/jna/jna/5.13.0/jna-5.13.0.jar:/Users/cvmakhilchundru/.m2/repository/org/testcontainers/junit-jupiter/1.20.6/junit-jupiter-1.20.6.jar:/Users/cvmakhilchundru/.m2/repository/org/testcontainers/postgresql/1.20.6/postgresql-1.20.6.jar:/Users/cvmakhilchundru/.m2/repository/org/testcontainers/jdbc/1.20.6/jdbc-1.20.6.jar:/Users/cvmakhilchundru/.m2/repository/org/testcontainers/database-commons/1.20.6/database-commons-1.20.6.jar:/Users/cvmakhilchundru/.m2/repository/io/rest-assured/rest-assured/5.5.1/rest-assured-5.5.1.jar:/Users/cvmakhilchundru/.m2/repository/org/apache/groovy/groovy/4.0.26/groovy-4.0.26.jar:/Users/cvmakhilchundru/.m2/repository/org/apache/groovy/groovy-xml/4.0.26/groovy-xml-4.0.26.jar:/Users/cvmakhilchundru/.m2/repository/org/apache/httpcomponents/httpclient/4.5.13/httpclient-4.5.13.jar:/Users/cvmakhilchundru/.m2/repository/org/apache/httpcomponents/httpcore/4.4.16/httpcore-4.4.16.jar:/Users/cvmakhilchundru/.m2/repository/commons-logging/commons-logging/1.2/commons-logging-1.2.jar:/Users/cvmakhilchundru/.m2/repository/commons-codec/commons-codec/1.17.2/commons-codec-1.17.2.jar:/Users/cvmakhilchundru/.m2/repository/org/apache/httpcomponents/httpmime/4.5.13/httpmime-4.5.13.jar:/Users/cvmakhilchundru/.m2/repository/org/ccil/cowan/tagsoup/tagsoup/1.2.1/tagsoup-1.2.1.jar:/Users/cvmakhilchundru/.m2/repository/io/rest-assured/json-path/5.5.1/json-path-5.5.1.jar:/Users/cvmakhilchundru/.m2/repository/org/apache/groovy/groovy-json/4.0.26/groovy-json-4.0.26.jar:/Users/cvmakhilchundru/.m2/repository/io/rest-assured/rest-assured-common/5.5.1/rest-assured-common-5.5.1.jar:/Users/cvmakhilchundru/.m2/repository/io/rest-assured/xml-path/5.5.1/xml-path-5.5.1.jar:/Users/cvmakhilchundru/.m2/repository/org/apache/commons/commons-lang3/3.17.0/commons-lang3-3.17.0.jar:"/>
    <property name="git.branch" value="Initialize-Project"/>
    <property name="java.vm.vendor" value="Eclipse Adoptium"/>
    <property name="sun.arch.data.model" value="64"/>
    <property name="java.vendor.url" value="https://adoptium.net/"/>
    <property name="user.timezone" value="Asia/Kolkata"/>
    <property name="org.jboss.logging.provider" value="slf4j"/>
    <property name="os.name" value="Mac OS X"/>
    <property name="java.vm.specification.version" value="21"/>
    <property name="APPLICATION_NAME" value="catalog-service"/>
    <property name="sun.java.launcher" value="SUN_STANDARD"/>
    <property name="user.country" value="IN"/>
    <property name="sun.boot.library.path" value="/Users/cvmakhilchundru/.sdkman/candidates/java/21.0.2-tem/lib"/>
    <property name="sun.java.command" value="/Users/cvmakhilchundru/Workspaces/IntelliJ/Springboot/spring-boot-microservice/catalog-service/target/surefire/surefirebooter-20250520172921152_3.jar /Users/cvmakhilchundru/Workspaces/IntelliJ/Springboot/spring-boot-microservice/catalog-service/target/surefire 2025-05-20T17-29-21_117-jvmRun1 surefire-20250520172921152_1tmp surefire_0-20250520172921152_2tmp"/>
    <property name="http.nonProxyHosts" value="local|*.local|169.254/16|*.169.254/16"/>
    <property name="jdk.debug" value="release"/>
    <property name="surefire.test.class.path" value="/Users/cvmakhilchundru/Workspaces/IntelliJ/Springboot/spring-boot-microservice/catalog-service/target/test-classes:/Users/cvmakhilchundru/Workspaces/IntelliJ/Springboot/spring-boot-microservice/catalog-service/target/classes:/Users/cvmakhilchundru/.m2/repository/org/springframework/boot/spring-boot-starter-actuator/3.4.5/spring-boot-starter-actuator-3.4.5.jar:/Users/cvmakhilchundru/.m2/repository/org/springframework/boot/spring-boot-starter/3.4.5/spring-boot-starter-3.4.5.jar:/Users/cvmakhilchundru/.m2/repository/org/springframework/boot/spring-boot-starter-logging/3.4.5/spring-boot-starter-logging-3.4.5.jar:/Users/cvmakhilchundru/.m2/repository/ch/qos/logback/logback-classic/1.5.18/logback-classic-1.5.18.jar:/Users/cvmakhilchundru/.m2/repository/ch/qos/logback/logback-core/1.5.18/logback-core-1.5.18.jar:/Users/cvmakhilchundru/.m2/repository/org/apache/logging/log4j/log4j-to-slf4j/2.24.3/log4j-to-slf4j-2.24.3.jar:/Users/cvmakhilchundru/.m2/repository/org/apache/logging/log4j/log4j-api/2.24.3/log4j-api-2.24.3.jar:/Users/cvmakhilchundru/.m2/repository/org/slf4j/jul-to-slf4j/2.0.17/jul-to-slf4j-2.0.17.jar:/Users/cvmakhilchundru/.m2/repository/jakarta/annotation/jakarta.annotation-api/2.1.1/jakarta.annotation-api-2.1.1.jar:/Users/cvmakhilchundru/.m2/repository/org/yaml/snakeyaml/2.3/snakeyaml-2.3.jar:/Users/cvmakhilchundru/.m2/repository/org/springframework/boot/spring-boot-actuator-autoconfigure/3.4.5/spring-boot-actuator-autoconfigure-3.4.5.jar:/Users/cvmakhilchundru/.m2/repository/org/springframework/boot/spring-boot-actuator/3.4.5/spring-boot-actuator-3.4.5.jar:/Users/cvmakhilchundru/.m2/repository/com/fasterxml/jackson/core/jackson-databind/2.18.3/jackson-databind-2.18.3.jar:/Users/cvmakhilchundru/.m2/repository/io/micrometer/micrometer-observation/1.14.6/micrometer-observation-1.14.6.jar:/Users/cvmakhilchundru/.m2/repository/io/micrometer/micrometer-commons/1.14.6/micrometer-commons-1.14.6.jar:/Users/cvmakhilchundru/.m2/repository/io/micrometer/micrometer-jakarta9/1.14.6/micrometer-jakarta9-1.14.6.jar:/Users/cvmakhilchundru/.m2/repository/org/springframework/boot/spring-boot-starter-data-jpa/3.4.5/spring-boot-starter-data-jpa-3.4.5.jar:/Users/cvmakhilchundru/.m2/repository/org/springframework/boot/spring-boot-starter-jdbc/3.4.5/spring-boot-starter-jdbc-3.4.5.jar:/Users/cvmakhilchundru/.m2/repository/com/zaxxer/HikariCP/5.1.0/HikariCP-5.1.0.jar:/Users/cvmakhilchundru/.m2/repository/org/springframework/spring-jdbc/6.2.6/spring-jdbc-6.2.6.jar:/Users/cvmakhilchundru/.m2/repository/org/hibernate/orm/hibernate-core/6.6.13.Final/hibernate-core-6.6.13.Final.jar:/Users/cvmakhilchundru/.m2/repository/jakarta/persistence/jakarta.persistence-api/3.1.0/jakarta.persistence-api-3.1.0.jar:/Users/cvmakhilchundru/.m2/repository/jakarta/transaction/jakarta.transaction-api/2.0.1/jakarta.transaction-api-2.0.1.jar:/Users/cvmakhilchundru/.m2/repository/org/jboss/logging/jboss-logging/3.6.1.Final/jboss-logging-3.6.1.Final.jar:/Users/cvmakhilchundru/.m2/repository/org/hibernate/common/hibernate-commons-annotations/7.0.3.Final/hibernate-commons-annotations-7.0.3.Final.jar:/Users/cvmakhilchundru/.m2/repository/io/smallrye/jandex/3.2.0/jandex-3.2.0.jar:/Users/cvmakhilchundru/.m2/repository/com/fasterxml/classmate/1.7.0/classmate-1.7.0.jar:/Users/cvmakhilchundru/.m2/repository/net/bytebuddy/byte-buddy/1.15.11/byte-buddy-1.15.11.jar:/Users/cvmakhilchundru/.m2/repository/org/glassfish/jaxb/jaxb-runtime/4.0.5/jaxb-runtime-4.0.5.jar:/Users/cvmakhilchundru/.m2/repository/org/glassfish/jaxb/jaxb-core/4.0.5/jaxb-core-4.0.5.jar:/Users/cvmakhilchundru/.m2/repository/org/eclipse/angus/angus-activation/2.0.2/angus-activation-2.0.2.jar:/Users/cvmakhilchundru/.m2/repository/org/glassfish/jaxb/txw2/4.0.5/txw2-4.0.5.jar:/Users/cvmakhilchundru/.m2/repository/com/sun/istack/istack-commons-runtime/4.1.2/istack-commons-runtime-4.1.2.jar:/Users/cvmakhilchundru/.m2/repository/jakarta/inject/jakarta.inject-api/2.0.1/jakarta.inject-api-2.0.1.jar:/Users/cvmakhilchundru/.m2/repository/org/antlr/antlr4-runtime/4.13.0/antlr4-runtime-4.13.0.jar:/Users/cvmakhilchundru/.m2/repository/org/springframework/data/spring-data-jpa/3.4.5/spring-data-jpa-3.4.5.jar:/Users/cvmakhilchundru/.m2/repository/org/springframework/data/spring-data-commons/3.4.5/spring-data-commons-3.4.5.jar:/Users/cvmakhilchundru/.m2/repository/org/springframework/spring-orm/6.2.6/spring-orm-6.2.6.jar:/Users/cvmakhilchundru/.m2/repository/org/springframework/spring-context/6.2.6/spring-context-6.2.6.jar:/Users/cvmakhilchundru/.m2/repository/org/springframework/spring-aop/6.2.6/spring-aop-6.2.6.jar:/Users/cvmakhilchundru/.m2/repository/org/springframework/spring-tx/6.2.6/spring-tx-6.2.6.jar:/Users/cvmakhilchundru/.m2/repository/org/springframework/spring-beans/6.2.6/spring-beans-6.2.6.jar:/Users/cvmakhilchundru/.m2/repository/org/slf4j/slf4j-api/2.0.17/slf4j-api-2.0.17.jar:/Users/cvmakhilchundru/.m2/repository/org/springframework/spring-aspects/6.2.6/spring-aspects-6.2.6.jar:/Users/cvmakhilchundru/.m2/repository/org/aspectj/aspectjweaver/1.9.24/aspectjweaver-1.9.24.jar:/Users/cvmakhilchundru/.m2/repository/org/springframework/boot/spring-boot-starter-validation/3.4.5/spring-boot-starter-validation-3.4.5.jar:/Users/cvmakhilchundru/.m2/repository/org/apache/tomcat/embed/tomcat-embed-el/10.1.40/tomcat-embed-el-10.1.40.jar:/Users/cvmakhilchundru/.m2/repository/org/hibernate/validator/hibernate-validator/8.0.2.Final/hibernate-validator-8.0.2.Final.jar:/Users/cvmakhilchundru/.m2/repository/jakarta/validation/jakarta.validation-api/3.0.2/jakarta.validation-api-3.0.2.jar:/Users/cvmakhilchundru/.m2/repository/org/springframework/boot/spring-boot-starter-web/3.4.5/spring-boot-starter-web-3.4.5.jar:/Users/cvmakhilchundru/.m2/repository/org/springframework/boot/spring-boot-starter-json/3.4.5/spring-boot-starter-json-3.4.5.jar:/Users/cvmakhilchundru/.m2/repository/com/fasterxml/jackson/datatype/jackson-datatype-jdk8/2.18.3/jackson-datatype-jdk8-2.18.3.jar:/Users/cvmakhilchundru/.m2/repository/com/fasterxml/jackson/module/jackson-module-parameter-names/2.18.3/jackson-module-parameter-names-2.18.3.jar:/Users/cvmakhilchundru/.m2/repository/org/springframework/boot/spring-boot-starter-tomcat/3.4.5/spring-boot-starter-tomcat-3.4.5.jar:/Users/cvmakhilchundru/.m2/repository/org/apache/tomcat/embed/tomcat-embed-core/10.1.40/tomcat-embed-core-10.1.40.jar:/Users/cvmakhilchundru/.m2/repository/org/apache/tomcat/embed/tomcat-embed-websocket/10.1.40/tomcat-embed-websocket-10.1.40.jar:/Users/cvmakhilchundru/.m2/repository/org/springframework/spring-web/6.2.6/spring-web-6.2.6.jar:/Users/cvmakhilchundru/.m2/repository/org/springframework/spring-webmvc/6.2.6/spring-webmvc-6.2.6.jar:/Users/cvmakhilchundru/.m2/repository/org/springframework/spring-expression/6.2.6/spring-expression-6.2.6.jar:/Users/cvmakhilchundru/.m2/repository/org/flywaydb/flyway-core/10.20.1/flyway-core-10.20.1.jar:/Users/cvmakhilchundru/.m2/repository/com/fasterxml/jackson/dataformat/jackson-dataformat-toml/2.18.3/jackson-dataformat-toml-2.18.3.jar:/Users/cvmakhilchundru/.m2/repository/com/fasterxml/jackson/core/jackson-core/2.18.3/jackson-core-2.18.3.jar:/Users/cvmakhilchundru/.m2/repository/com/fasterxml/jackson/datatype/jackson-datatype-jsr310/2.18.3/jackson-datatype-jsr310-2.18.3.jar:/Users/cvmakhilchundru/.m2/repository/com/fasterxml/jackson/core/jackson-annotations/2.18.3/jackson-annotations-2.18.3.jar:/Users/cvmakhilchundru/.m2/repository/org/flywaydb/flyway-database-postgresql/10.20.1/flyway-database-postgresql-10.20.1.jar:/Users/cvmakhilchundru/.m2/repository/org/springdoc/springdoc-openapi-starter-webmvc-ui/2.8.8/springdoc-openapi-starter-webmvc-ui-2.8.8.jar:/Users/cvmakhilchundru/.m2/repository/org/springdoc/springdoc-openapi-starter-webmvc-api/2.8.8/springdoc-openapi-starter-webmvc-api-2.8.8.jar:/Users/cvmakhilchundru/.m2/repository/org/springdoc/springdoc-openapi-starter-common/2.8.8/springdoc-openapi-starter-common-2.8.8.jar:/Users/cvmakhilchundru/.m2/repository/io/swagger/core/v3/swagger-core-jakarta/2.2.30/swagger-core-jakarta-2.2.30.jar:/Users/cvmakhilchundru/.m2/repository/io/swagger/core/v3/swagger-annotations-jakarta/2.2.30/swagger-annotations-jakarta-2.2.30.jar:/Users/cvmakhilchundru/.m2/repository/io/swagger/core/v3/swagger-models-jakarta/2.2.30/swagger-models-jakarta-2.2.30.jar:/Users/cvmakhilchundru/.m2/repository/com/fasterxml/jackson/dataformat/jackson-dataformat-yaml/2.18.3/jackson-dataformat-yaml-2.18.3.jar:/Users/cvmakhilchundru/.m2/repository/org/webjars/swagger-ui/5.21.0/swagger-ui-5.21.0.jar:/Users/cvmakhilchundru/.m2/repository/org/webjars/webjars-locator-lite/1.0.1/webjars-locator-lite-1.0.1.jar:/Users/cvmakhilchundru/.m2/repository/org/jspecify/jspecify/1.0.0/jspecify-1.0.0.jar:/Users/cvmakhilchundru/.m2/repository/org/springframework/boot/spring-boot-devtools/3.4.5/spring-boot-devtools-3.4.5.jar:/Users/cvmakhilchundru/.m2/repository/org/springframework/boot/spring-boot/3.4.5/spring-boot-3.4.5.jar:/Users/cvmakhilchundru/.m2/repository/org/springframework/boot/spring-boot-autoconfigure/3.4.5/spring-boot-autoconfigure-3.4.5.jar:/Users/cvmakhilchundru/.m2/repository/io/micrometer/micrometer-registry-prometheus/1.14.6/micrometer-registry-prometheus-1.14.6.jar:/Users/cvmakhilchundru/.m2/repository/io/micrometer/micrometer-core/1.14.6/micrometer-core-1.14.6.jar:/Users/cvmakhilchundru/.m2/repository/org/hdrhistogram/HdrHistogram/2.2.2/HdrHistogram-2.2.2.jar:/Users/cvmakhilchundru/.m2/repository/org/latencyutils/LatencyUtils/2.0.3/LatencyUtils-2.0.3.jar:/Users/cvmakhilchundru/.m2/repository/io/prometheus/prometheus-metrics-core/1.3.6/prometheus-metrics-core-1.3.6.jar:/Users/cvmakhilchundru/.m2/repository/io/prometheus/prometheus-metrics-model/1.3.6/prometheus-metrics-model-1.3.6.jar:/Users/cvmakhilchundru/.m2/repository/io/prometheus/prometheus-metrics-config/1.3.6/prometheus-metrics-config-1.3.6.jar:/Users/cvmakhilchundru/.m2/repository/io/prometheus/prometheus-metrics-tracer-common/1.3.6/prometheus-metrics-tracer-common-1.3.6.jar:/Users/cvmakhilchundru/.m2/repository/io/prometheus/prometheus-metrics-exposition-formats/1.3.6/prometheus-metrics-exposition-formats-1.3.6.jar:/Users/cvmakhilchundru/.m2/repository/io/prometheus/prometheus-metrics-exposition-textformats/1.3.6/prometheus-metrics-exposition-textformats-1.3.6.jar:/Users/cvmakhilchundru/.m2/repository/org/postgresql/postgresql/42.7.5/postgresql-42.7.5.jar:/Users/cvmakhilchundru/.m2/repository/org/checkerframework/checker-qual/3.48.3/checker-qual-3.48.3.jar:/Users/cvmakhilchundru/.m2/repository/org/springframework/boot/spring-boot-configuration-processor/3.4.5/spring-boot-configuration-processor-3.4.5.jar:/Users/cvmakhilchundru/.m2/repository/org/springframework/boot/spring-boot-starter-test/3.4.5/spring-boot-starter-test-3.4.5.jar:/Users/cvmakhilchundru/.m2/repository/org/springframework/boot/spring-boot-test/3.4.5/spring-boot-test-3.4.5.jar:/Users/cvmakhilchundru/.m2/repository/org/springframework/boot/spring-boot-test-autoconfigure/3.4.5/spring-boot-test-autoconfigure-3.4.5.jar:/Users/cvmakhilchundru/.m2/repository/com/jayway/jsonpath/json-path/2.9.0/json-path-2.9.0.jar:/Users/cvmakhilchundru/.m2/repository/jakarta/xml/bind/jakarta.xml.bind-api/4.0.2/jakarta.xml.bind-api-4.0.2.jar:/Users/cvmakhilchundru/.m2/repository/jakarta/activation/jakarta.activation-api/2.1.3/jakarta.activation-api-2.1.3.jar:/Users/cvmakhilchundru/.m2/repository/net/minidev/json-smart/2.5.2/json-smart-2.5.2.jar:/Users/cvmakhilchundru/.m2/repository/net/minidev/accessors-smart/2.5.2/accessors-smart-2.5.2.jar:/Users/cvmakhilchundru/.m2/repository/org/ow2/asm/asm/9.7.1/asm-9.7.1.jar:/Users/cvmakhilchundru/.m2/repository/org/assertj/assertj-core/3.26.3/assertj-core-3.26.3.jar:/Users/cvmakhilchundru/.m2/repository/org/awaitility/awaitility/4.2.2/awaitility-4.2.2.jar:/Users/cvmakhilchundru/.m2/repository/org/hamcrest/hamcrest/2.2/hamcrest-2.2.jar:/Users/cvmakhilchundru/.m2/repository/org/junit/jupiter/junit-jupiter/5.11.4/junit-jupiter-5.11.4.jar:/Users/cvmakhilchundru/.m2/repository/org/junit/jupiter/junit-jupiter-api/5.11.4/junit-jupiter-api-5.11.4.jar:/Users/cvmakhilchundru/.m2/repository/org/opentest4j/opentest4j/1.3.0/opentest4j-1.3.0.jar:/Users/cvmakhilchundru/.m2/repository/org/junit/platform/junit-platform-commons/1.11.4/junit-platform-commons-1.11.4.jar:/Users/cvmakhilchundru/.m2/repository/org/apiguardian/apiguardian-api/1.1.2/apiguardian-api-1.1.2.jar:/Users/cvmakhilchundru/.m2/repository/org/junit/jupiter/junit-jupiter-params/5.11.4/junit-jupiter-params-5.11.4.jar:/Users/cvmakhilchundru/.m2/repository/org/junit/jupiter/junit-jupiter-engine/5.11.4/junit-jupiter-engine-5.11.4.jar:/Users/cvmakhilchundru/.m2/repository/org/junit/platform/junit-platform-engine/1.11.4/junit-platform-engine-1.11.4.jar:/Users/cvmakhilchundru/.m2/repository/org/mockito/mockito-core/5.14.2/mockito-core-5.14.2.jar:/Users/cvmakhilchundru/.m2/repository/net/bytebuddy/byte-buddy-agent/1.15.11/byte-buddy-agent-1.15.11.jar:/Users/cvmakhilchundru/.m2/repository/org/objenesis/objenesis/3.3/objenesis-3.3.jar:/Users/cvmakhilchundru/.m2/repository/org/mockito/mockito-junit-jupiter/5.14.2/mockito-junit-jupiter-5.14.2.jar:/Users/cvmakhilchundru/.m2/repository/org/skyscreamer/jsonassert/1.5.3/jsonassert-1.5.3.jar:/Users/cvmakhilchundru/.m2/repository/com/vaadin/external/google/android-json/0.0.20131108.vaadin1/android-json-0.0.20131108.vaadin1.jar:/Users/cvmakhilchundru/.m2/repository/org/springframework/spring-core/6.2.6/spring-core-6.2.6.jar:/Users/cvmakhilchundru/.m2/repository/org/springframework/spring-jcl/6.2.6/spring-jcl-6.2.6.jar:/Users/cvmakhilchundru/.m2/repository/org/springframework/spring-test/6.2.6/spring-test-6.2.6.jar:/Users/cvmakhilchundru/.m2/repository/org/xmlunit/xmlunit-core/2.10.0/xmlunit-core-2.10.0.jar:/Users/cvmakhilchundru/.m2/repository/org/springframework/boot/spring-boot-testcontainers/3.4.5/spring-boot-testcontainers-3.4.5.jar:/Users/cvmakhilchundru/.m2/repository/org/testcontainers/testcontainers/1.20.6/testcontainers-1.20.6.jar:/Users/cvmakhilchundru/.m2/repository/junit/junit/4.13.2/junit-4.13.2.jar:/Users/cvmakhilchundru/.m2/repository/org/hamcrest/hamcrest-core/2.2/hamcrest-core-2.2.jar:/Users/cvmakhilchundru/.m2/repository/org/apache/commons/commons-compress/1.24.0/commons-compress-1.24.0.jar:/Users/cvmakhilchundru/.m2/repository/org/rnorth/duct-tape/duct-tape/1.0.8/duct-tape-1.0.8.jar:/Users/cvmakhilchundru/.m2/repository/org/jetbrains/annotations/17.0.0/annotations-17.0.0.jar:/Users/cvmakhilchundru/.m2/repository/com/github/docker-java/docker-java-api/3.4.1/docker-java-api-3.4.1.jar:/Users/cvmakhilchundru/.m2/repository/com/github/docker-java/docker-java-transport-zerodep/3.4.1/docker-java-transport-zerodep-3.4.1.jar:/Users/cvmakhilchundru/.m2/repository/com/github/docker-java/docker-java-transport/3.4.1/docker-java-transport-3.4.1.jar:/Users/cvmakhilchundru/.m2/repository/net/java/dev/jna/jna/5.13.0/jna-5.13.0.jar:/Users/cvmakhilchundru/.m2/repository/org/testcontainers/junit-jupiter/1.20.6/junit-jupiter-1.20.6.jar:/Users/cvmakhilchundru/.m2/repository/org/testcontainers/postgresql/1.20.6/postgresql-1.20.6.jar:/Users/cvmakhilchundru/.m2/repository/org/testcontainers/jdbc/1.20.6/jdbc-1.20.6.jar:/Users/cvmakhilchundru/.m2/repository/org/testcontainers/database-commons/1.20.6/database-commons-1.20.6.jar:/Users/cvmakhilchundru/.m2/repository/io/rest-assured/rest-assured/5.5.1/rest-assured-5.5.1.jar:/Users/cvmakhilchundru/.m2/repository/org/apache/groovy/groovy/4.0.26/groovy-4.0.26.jar:/Users/cvmakhilchundru/.m2/repository/org/apache/groovy/groovy-xml/4.0.26/groovy-xml-4.0.26.jar:/Users/cvmakhilchundru/.m2/repository/org/apache/httpcomponents/httpclient/4.5.13/httpclient-4.5.13.jar:/Users/cvmakhilchundru/.m2/repository/org/apache/httpcomponents/httpcore/4.4.16/httpcore-4.4.16.jar:/Users/cvmakhilchundru/.m2/repository/commons-logging/commons-logging/1.2/commons-logging-1.2.jar:/Users/cvmakhilchundru/.m2/repository/commons-codec/commons-codec/1.17.2/commons-codec-1.17.2.jar:/Users/cvmakhilchundru/.m2/repository/org/apache/httpcomponents/httpmime/4.5.13/httpmime-4.5.13.jar:/Users/cvmakhilchundru/.m2/repository/org/ccil/cowan/tagsoup/tagsoup/1.2.1/tagsoup-1.2.1.jar:/Users/cvmakhilchundru/.m2/repository/io/rest-assured/json-path/5.5.1/json-path-5.5.1.jar:/Users/cvmakhilchundru/.m2/repository/org/apache/groovy/groovy-json/4.0.26/groovy-json-4.0.26.jar:/Users/cvmakhilchundru/.m2/repository/io/rest-assured/rest-assured-common/5.5.1/rest-assured-common-5.5.1.jar:/Users/cvmakhilchundru/.m2/repository/io/rest-assured/xml-path/5.5.1/xml-path-5.5.1.jar:/Users/cvmakhilchundru/.m2/repository/org/apache/commons/commons-lang3/3.17.0/commons-lang3-3.17.0.jar:"/>
    <property name="sun.cpu.endian" value="little"/>
    <property name="user.home" value="/Users/cvmakhilchundru"/>
    <property name="user.language" value="en"/>
    <property name="java.specification.vendor" value="Oracle Corporation"/>
    <property name="java.version.date" value="2024-01-16"/>
    <property name="java.home" value="/Users/cvmakhilchundru/.sdkman/candidates/java/21.0.2-tem"/>
    <property name="file.separator" value="/"/>
    <property name="basedir" value="/Users/cvmakhilchundru/Workspaces/IntelliJ/Springboot/spring-boot-microservice/catalog-service"/>
    <property name="java.vm.compressedOopsMode" value="Zero based"/>
    <property name="line.separator" value="&#10;"/>
    <property name="java.vm.specification.vendor" value="Oracle Corporation"/>
    <property name="java.specification.name" value="Java Platform API Specification"/>
    <property name="FILE_LOG_CHARSET" value="UTF-8"/>
    <property name="java.awt.headless" value="true"/>
    <property name="apple.awt.application.name" value="ForkedBooter"/>
    <property name="surefire.real.class.path" value="/Users/cvmakhilchundru/Workspaces/IntelliJ/Springboot/spring-boot-microservice/catalog-service/target/surefire/surefirebooter-20250520172921152_3.jar"/>
    <property name="git.commit.message.full" value="Catalog Service module setup"/>
    <property name="polyglot.engine.WarnInterpreterOnly" value="false"/>
    <property name="sun.management.compiler" value="HotSpot 64-Bit Tiered Compilers"/>
    <property name="ftp.nonProxyHosts" value="local|*.local|169.254/16|*.169.254/16"/>
    <property name="java.runtime.version" value="21.0.2+13-LTS"/>
    <property name="user.name" value="cvmakhilchundru"/>
    <property name="stdout.encoding" value="UTF-8"/>
    <property name="path.separator" value=":"/>
    <property name="os.version" value="15.5"/>
    <property name="java.runtime.name" value="OpenJDK Runtime Environment"/>
    <property name="file.encoding" value="UTF-8"/>
    <property name="java.vm.name" value="OpenJDK 64-Bit Server VM"/>
    <property name="java.vendor.version" value="Temurin-21.0.2+13"/>
    <property name="localRepository" value="/Users/cvmakhilchundru/.m2/repository"/>
    <property name="java.vendor.url.bug" value="https://github.com/adoptium/adoptium-support/issues"/>
    <property name="java.io.tmpdir" value="/var/folders/b3/s0k_rf7x5jv3d4_tcx44lzv00000gn/T/"/>
    <property name="com.zaxxer.hikari.pool_number" value="1"/>
    <property name="java.version" value="21.0.2"/>
    <property name="user.dir" value="/Users/cvmakhilchundru/Workspaces/IntelliJ/Springboot/spring-boot-microservice/catalog-service"/>
    <property name="os.arch" value="aarch64"/>
    <property name="git.commit.user.name" value="cvmakhil"/>
    <property name="git.commit.id.abbrev" value="bd8d038"/>
    <property name="java.vm.specification.name" value="Java Virtual Machine Specification"/>
    <property name="PID" value="48984"/>
    <property name="CONSOLE_LOG_CHARSET" value="UTF-8"/>
    <property name="native.encoding" value="UTF-8"/>
    <property name="java.library.path" value="/Users/cvmakhilchundru/Library/Java/Extensions:/Library/Java/Extensions:/Network/Library/Java/Extensions:/System/Library/Java/Extensions:/usr/lib/java:."/>
    <property name="java.vm.info" value="mixed mode"/>
    <property name="stderr.encoding" value="UTF-8"/>
    <property name="java.vendor" value="Eclipse Adoptium"/>
    <property name="java.vm.version" value="21.0.2+13-LTS"/>
    <property name="sun.io.unicode.encoding" value="UnicodeBig"/>
    <property name="socksNonProxyHosts" value="local|*.local|169.254/16|*.169.254/16"/>
    <property name="java.class.version" value="65.0"/>
    <property name="LOGGED_APPLICATION_NAME" value="[catalog-service] "/>
  </properties>
  <testcase name="contextLoads" classname="com.akhil.bookstore.catalog.CatalogServiceApplicationTests" time="0.387">
    <system-out><![CDATA[17:29:21.511 [main] INFO org.springframework.test.context.support.AnnotationConfigContextLoaderUtils -- Could not detect default configuration classes for test class [com.akhil.bookstore.catalog.CatalogServiceApplicationTests]: CatalogServiceApplicationTests does not declare any static, non-private, non-final, nested classes annotated with @Configuration.
17:29:21.572 [main] INFO org.springframework.boot.test.context.SpringBootTestContextBootstrapper -- Found @SpringBootConfiguration com.akhil.bookstore.catalog.CatalogServiceApplication for test class com.akhil.bookstore.catalog.CatalogServiceApplicationTests
17:29:21.642 [main] INFO org.springframework.boot.devtools.restart.RestartApplicationListener -- Restart disabled due to context in which it is running

  .   ____          _            __ _ _
 /\\ / ___'_ __ _ _(_)_ __  __ _ \ \ \ \
( ( )\___ | '_ | '_| | '_ \/ _` | \ \ \ \
 \\/  ___)| |_)| | | | | || (_| |  ) ) ) )
  '  |____| .__|_| |_|_| |_\__, | / / / /
 =========|_|==============|___/=/_/_/_/

 :: Spring Boot ::                (v3.4.5)

2025-05-20T17:29:21.761+05:30  INFO 48984 --- [catalog-service] [           main] c.a.b.c.CatalogServiceApplicationTests   : Starting CatalogServiceApplicationTests using Java 21.0.2 with PID 48984 (started by cvmakhilchundru in /Users/cvmakhilchundru/Workspaces/IntelliJ/Springboot/spring-boot-microservice/catalog-service)
2025-05-20T17:29:21.762+05:30  INFO 48984 --- [catalog-service] [           main] c.a.b.c.CatalogServiceApplicationTests   : No active profile set, falling back to 1 default profile: "default"
2025-05-20T17:29:22.439+05:30  INFO 48984 --- [catalog-service] [           main] .s.d.r.c.RepositoryConfigurationDelegate : Bootstrapping Spring Data JPA repositories in DEFAULT mode.
2025-05-20T17:29:22.448+05:30  INFO 48984 --- [catalog-service] [           main] .s.d.r.c.RepositoryConfigurationDelegate : Finished Spring Data repository scanning in 5 ms. Found 0 JPA repository interfaces.
2025-05-20T17:29:22.695+05:30  INFO 48984 --- [catalog-service] [           main] org.testcontainers.images.PullPolicy     : Image pull policy will be performed by: DefaultPullPolicy()
2025-05-20T17:29:22.697+05:30  INFO 48984 --- [catalog-service] [           main] o.t.utility.ImageNameSubstitutor         : Image name substitution will be performed by: DefaultImageNameSubstitutor (composite of 'ConfigurationFileImageNameSubstitutor' and 'PrefixingImageNameSubstitutor')
2025-05-20T17:29:22.714+05:30  INFO 48984 --- [catalog-service] [           main] org.testcontainers.DockerClientFactory   : Testcontainers version: 1.20.6
2025-05-20T17:29:22.798+05:30  INFO 48984 --- [catalog-service] [           main] o.t.d.DockerClientProviderStrategy       : Loaded org.testcontainers.dockerclient.UnixSocketClientProviderStrategy from ~/.testcontainers.properties, will try it first
2025-05-20T17:29:22.960+05:30  INFO 48984 --- [catalog-service] [           main] o.t.d.DockerClientProviderStrategy       : Found Docker environment with local Unix socket (unix:///var/run/docker.sock)
2025-05-20T17:29:22.961+05:30  INFO 48984 --- [catalog-service] [           main] org.testcontainers.DockerClientFactory   : Docker host IP address is localhost
2025-05-20T17:29:22.971+05:30  INFO 48984 --- [catalog-service] [           main] org.testcontainers.DockerClientFactory   : Connected to docker: 
  Server Version: 27.4.0
  API Version: 1.47
  Operating System: Docker Desktop
  Total Memory: 3919 MB
  Labels: 
    com.docker.desktop.address=unix:///Users/cvmakhilchundru/Library/Containers/com.docker.docker/Data/docker-cli.sock
2025-05-20T17:29:22.983+05:30  INFO 48984 --- [catalog-service] [           main] tc.testcontainers/ryuk:0.11.0            : Creating container for image: testcontainers/ryuk:0.11.0
2025-05-20T17:29:23.221+05:30  INFO 48984 --- [catalog-service] [           main] tc.testcontainers/ryuk:0.11.0            : Container testcontainers/ryuk:0.11.0 is starting: f336c2a94100b31241f9e6b1359cebfcc8728719ecb0e7a66c707da656aaf47a
2025-05-20T17:29:23.510+05:30  INFO 48984 --- [catalog-service] [           main] tc.testcontainers/ryuk:0.11.0            : Container testcontainers/ryuk:0.11.0 started in PT0.527126S
2025-05-20T17:29:23.514+05:30  INFO 48984 --- [catalog-service] [           main] o.t.utility.RyukResourceReaper           : Ryuk started - will monitor and terminate Testcontainers containers on JVM exit
2025-05-20T17:29:23.515+05:30  INFO 48984 --- [catalog-service] [           main] org.testcontainers.DockerClientFactory   : Checking the system...
2025-05-20T17:29:23.515+05:30  INFO 48984 --- [catalog-service] [           main] org.testcontainers.DockerClientFactory   : ✔︎ Docker server version should be at least 1.6.0
2025-05-20T17:29:23.515+05:30  INFO 48984 --- [catalog-service] [           main] tc.postgres:16-alpine                    : Creating container for image: postgres:16-alpine
2025-05-20T17:29:23.535+05:30  INFO 48984 --- [catalog-service] [           main] tc.postgres:16-alpine                    : Container postgres:16-alpine is starting: 1886263eebb3a1633f0a3298e7167d01f8d19283fd07593fe0c3d1fde45e9786
2025-05-20T17:29:24.409+05:30  INFO 48984 --- [catalog-service] [           main] tc.postgres:16-alpine                    : Container postgres:16-alpine started in PT0.894343S
2025-05-20T17:29:24.412+05:30  INFO 48984 --- [catalog-service] [           main] tc.postgres:16-alpine                    : Container is started (JDBC URL: jdbc:postgresql://localhost:58042/test?loggerLevel=OFF)
2025-05-20T17:29:24.689+05:30  INFO 48984 --- [catalog-service] [           main] org.flywaydb.core.FlywayExecutor         : Database: jdbc:postgresql://localhost:58042/test?loggerLevel=OFF (PostgreSQL 16.9)
2025-05-20T17:29:24.711+05:30  INFO 48984 --- [catalog-service] [           main] o.f.c.i.s.JdbcTableSchemaHistory         : Schema history table "public"."flyway_schema_history" does not exist yet
2025-05-20T17:29:24.712+05:30  INFO 48984 --- [catalog-service] [           main] o.f.core.internal.command.DbValidate     : Successfully validated 0 migrations (execution time 00:00.003s)
2025-05-20T17:29:24.712+05:30  WARN 48984 --- [catalog-service] [           main] o.f.core.internal.command.DbValidate     : No migrations found. Are your locations set up correctly?
2025-05-20T17:29:24.719+05:30  INFO 48984 --- [catalog-service] [           main] o.f.c.i.s.JdbcTableSchemaHistory         : Creating Schema History table "public"."flyway_schema_history" ...
2025-05-20T17:29:24.776+05:30  INFO 48984 --- [catalog-service] [           main] o.f.core.internal.command.DbMigrate      : Current version of schema "public": << Empty Schema >>
2025-05-20T17:29:24.779+05:30  INFO 48984 --- [catalog-service] [           main] o.f.core.internal.command.DbMigrate      : Schema "public" is up to date. No migration necessary.
2025-05-20T17:29:24.813+05:30  INFO 48984 --- [catalog-service] [           main] com.zaxxer.hikari.HikariDataSource       : HikariPool-1 - Starting...
2025-05-20T17:29:24.830+05:30  INFO 48984 --- [catalog-service] [           main] com.zaxxer.hikari.pool.HikariPool        : HikariPool-1 - Added connection org.postgresql.jdbc.PgConnection@66859ea9
2025-05-20T17:29:24.831+05:30  INFO 48984 --- [catalog-service] [           main] com.zaxxer.hikari.HikariDataSource       : HikariPool-1 - Start completed.
2025-05-20T17:29:24.851+05:30  INFO 48984 --- [catalog-service] [           main] o.hibernate.jpa.internal.util.LogHelper  : HHH000204: Processing PersistenceUnitInfo [name: default]
2025-05-20T17:29:24.890+05:30  INFO 48984 --- [catalog-service] [           main] org.hibernate.Version                    : HHH000412: Hibernate ORM core version 6.6.13.Final
2025-05-20T17:29:24.905+05:30  INFO 48984 --- [catalog-service] [           main] o.h.c.internal.RegionFactoryInitiator    : HHH000026: Second-level cache disabled
2025-05-20T17:29:25.034+05:30  INFO 48984 --- [catalog-service] [           main] o.s.o.j.p.SpringPersistenceUnitInfo      : No LoadTimeWeaver setup: ignoring JPA class transformer
2025-05-20T17:29:25.074+05:30  INFO 48984 --- [catalog-service] [           main] org.hibernate.orm.connections.pooling    : HHH10001005: Database info:
	Database JDBC URL [Connecting through datasource 'HikariDataSource (HikariPool-1)']
	Database driver: undefined/unknown
	Database version: 16.9
	Autocommit mode: undefined/unknown
	Isolation level: undefined/unknown
	Minimum pool size: undefined/unknown
	Maximum pool size: undefined/unknown
2025-05-20T17:29:25.216+05:30  INFO 48984 --- [catalog-service] [           main] o.h.e.t.j.p.i.JtaPlatformInitiator       : HHH000489: No JTA platform available (set 'hibernate.transaction.jta.platform' to enable JTA platform integration)
2025-05-20T17:29:25.218+05:30  INFO 48984 --- [catalog-service] [           main] j.LocalContainerEntityManagerFactoryBean : Initialized JPA EntityManagerFactory for persistence unit 'default'
2025-05-20T17:29:25.349+05:30  WARN 48984 --- [catalog-service] [           main] JpaBaseConfiguration$JpaWebConfiguration : spring.jpa.open-in-view is enabled by default. Therefore, database queries may be performed during view rendering. Explicitly configure spring.jpa.open-in-view to disable this warning
2025-05-20T17:29:25.788+05:30  INFO 48984 --- [catalog-service] [           main] o.s.b.a.e.web.EndpointLinksResolver      : Exposing 15 endpoints beneath base path '/actuator'
2025-05-20T17:29:25.829+05:30  INFO 48984 --- [catalog-service] [           main] c.a.b.c.CatalogServiceApplicationTests   : Started CatalogServiceApplicationTests in 4.192 seconds (process running for 4.641)
]]></system-out>
    <system-err><![CDATA[Mockito is currently self-attaching to enable the inline-mock-maker. This will no longer work in future releases of the JDK. Please add Mockito as an agent to your build what is described in Mockito's documentation: https://javadoc.io/doc/org.mockito/mockito-core/latest/org/mockito/Mockito.html#0.3
WARNING: A Java agent has been loaded dynamically (/Users/cvmakhilchundru/.m2/repository/net/bytebuddy/byte-buddy-agent/1.15.11/byte-buddy-agent-1.15.11.jar)
WARNING: If a serviceability tool is in use, please run with -XX:+EnableDynamicAgentLoading to hide this warning
WARNING: If a serviceability tool is not in use, please run with -Djdk.instrument.traceUsage for more information
WARNING: Dynamic loading of agents will be disallowed by default in a future release
]]></system-err>
  </testcase>
</testsuite>